<?xml version="1.0" encoding="UTF-8"?>
<robot generator="Robot 6.1.1 (Python 3.10.12 on linux)" generated="20231129 16:11:31.776" rpa="false" schemaversion="4">
<suite id="s1" name="Robot" source="/home/ilhe/Ohturyhma/src/tests/robot">
<suite id="s1-s1" name="Book" source="/home/ilhe/Ohturyhma/src/tests/robot/book.robot">
<kw name="Avaa Ja Konfiguroi Selain" library="resource" type="SETUP">
<kw name="Evaluate" library="BuiltIn">
<var>${options}</var>
<arg>sys.modules['selenium.webdriver'].ChromeOptions()</arg>
<arg>sys</arg>
<doc>Evaluates the given expression in Python and returns the result.</doc>
<msg timestamp="20231129 16:11:32.079" level="INFO">${options} = &lt;selenium.webdriver.chrome.options.Options object at 0x7f7c88bd6ec0&gt;</msg>
<status status="PASS" starttime="20231129 16:11:32.079" endtime="20231129 16:11:32.079"/>
</kw>
<kw name="Call Method" library="BuiltIn">
<arg>${options}</arg>
<arg>add_argument</arg>
<arg>--no-sandbox</arg>
<doc>Calls the named method of the given object with the provided arguments.</doc>
<status status="PASS" starttime="20231129 16:11:32.079" endtime="20231129 16:11:32.080"/>
</kw>
<kw name="Open Browser" library="SeleniumLibrary">
<arg>browser=chrome</arg>
<arg>options=${options}</arg>
<doc>Opens a new browser instance to the optional ``url``.</doc>
<msg timestamp="20231129 16:11:32.080" level="INFO">Opening browser 'chrome' to base url 'None'.</msg>
<status status="PASS" starttime="20231129 16:11:32.080" endtime="20231129 16:11:33.250"/>
</kw>
<kw name="Set Selenium Speed" library="SeleniumLibrary">
<arg>${DELAY}</arg>
<doc>Sets the delay that is waited after each Selenium command.</doc>
<status status="PASS" starttime="20231129 16:11:33.250" endtime="20231129 16:11:33.250"/>
</kw>
<status status="PASS" starttime="20231129 16:11:32.079" endtime="20231129 16:11:33.250"/>
</kw>
<test id="s1-s1-t1" name="Sivu On Auki" line="8">
<kw name="Mene Sivustolle" library="resource" type="SETUP">
<kw name="Go To" library="SeleniumLibrary">
<arg>${HOME_URL}</arg>
<doc>Navigates the current browser window to the provided ``url``.</doc>
<msg timestamp="20231129 16:11:33.251" level="INFO">Opening url 'http://localhost:5000'</msg>
<status status="PASS" starttime="20231129 16:11:33.251" endtime="20231129 16:11:33.820"/>
</kw>
<status status="PASS" starttime="20231129 16:11:33.251" endtime="20231129 16:11:33.820"/>
</kw>
<kw name="Sivuston Pitäisi Olla Auki" library="resource">
<kw name="Title Should Be" library="SeleniumLibrary">
<arg>Lähdeviitteet</arg>
<doc>Verifies that the current page title equals ``title``.</doc>
<msg timestamp="20231129 16:11:34.332" level="INFO">Page title is 'Lähdeviitteet'.</msg>
<status status="PASS" starttime="20231129 16:11:33.821" endtime="20231129 16:11:34.332"/>
</kw>
<status status="PASS" starttime="20231129 16:11:33.821" endtime="20231129 16:11:34.333"/>
</kw>
<status status="PASS" starttime="20231129 16:11:33.250" endtime="20231129 16:11:34.333"/>
</test>
<test id="s1-s1-t2" name="Lisaa Kirjaviite" line="10">
<kw name="Mene Sivustolle" library="resource" type="SETUP">
<kw name="Go To" library="SeleniumLibrary">
<arg>${HOME_URL}</arg>
<doc>Navigates the current browser window to the provided ``url``.</doc>
<msg timestamp="20231129 16:11:34.335" level="INFO">Opening url 'http://localhost:5000'</msg>
<status status="PASS" starttime="20231129 16:11:34.335" endtime="20231129 16:11:34.864"/>
</kw>
<status status="PASS" starttime="20231129 16:11:34.334" endtime="20231129 16:11:34.864"/>
</kw>
<kw name="Sivuston Pitäisi Olla Auki" library="resource">
<kw name="Title Should Be" library="SeleniumLibrary">
<arg>Lähdeviitteet</arg>
<doc>Verifies that the current page title equals ``title``.</doc>
<msg timestamp="20231129 16:11:35.376" level="INFO">Page title is 'Lähdeviitteet'.</msg>
<status status="PASS" starttime="20231129 16:11:34.865" endtime="20231129 16:11:35.376"/>
</kw>
<status status="PASS" starttime="20231129 16:11:34.865" endtime="20231129 16:11:35.376"/>
</kw>
<kw name="Aseta Viite">
<arg>testiviite</arg>
<kw name="Input Text" library="SeleniumLibrary">
<arg>viite</arg>
<arg>${viite}</arg>
<doc>Types the given ``text`` into the text field identified by ``locator``.</doc>
<msg timestamp="20231129 16:11:35.378" level="INFO">Typing text 'testiviite' into text field 'viite'.</msg>
<status status="PASS" starttime="20231129 16:11:35.377" endtime="20231129 16:11:37.002"/>
</kw>
<status status="PASS" starttime="20231129 16:11:35.376" endtime="20231129 16:11:37.002"/>
</kw>
<kw name="Aseta Kirjailija">
<arg>testikirjailija</arg>
<kw name="Input Text" library="SeleniumLibrary">
<arg>kirjailija</arg>
<arg>${kirjailija}</arg>
<doc>Types the given ``text`` into the text field identified by ``locator``.</doc>
<msg timestamp="20231129 16:11:37.004" level="INFO">Typing text 'testikirjailija' into text field 'kirjailija'.</msg>
<status status="PASS" starttime="20231129 16:11:37.003" endtime="20231129 16:11:38.620"/>
</kw>
<status status="PASS" starttime="20231129 16:11:37.003" endtime="20231129 16:11:38.621"/>
</kw>
<kw name="Aseta Otsikko">
<arg>testiotsikko</arg>
<kw name="Input Text" library="SeleniumLibrary">
<arg>otsikko</arg>
<arg>${otsikko}</arg>
<doc>Types the given ``text`` into the text field identified by ``locator``.</doc>
<msg timestamp="20231129 16:11:38.622" level="INFO">Typing text 'testiotsikko' into text field 'otsikko'.</msg>
<status status="PASS" starttime="20231129 16:11:38.621" endtime="20231129 16:11:40.208"/>
</kw>
<status status="PASS" starttime="20231129 16:11:38.621" endtime="20231129 16:11:40.208"/>
</kw>
<kw name="Aseta Vuosi">
<arg>2023</arg>
<kw name="Input Text" library="SeleniumLibrary">
<arg>vuosi</arg>
<arg>${vuosi}</arg>
<doc>Types the given ``text`` into the text field identified by ``locator``.</doc>
<msg timestamp="20231129 16:11:40.210" level="INFO">Typing text '2023' into text field 'vuosi'.</msg>
<status status="PASS" starttime="20231129 16:11:40.209" endtime="20231129 16:11:41.833"/>
</kw>
<status status="PASS" starttime="20231129 16:11:40.208" endtime="20231129 16:11:41.833"/>
</kw>
<kw name="Aseta Kustantaja">
<arg>testikustantaja</arg>
<kw name="Input Text" library="SeleniumLibrary">
<arg>kustantaja</arg>
<arg>${kustantaja}</arg>
<doc>Types the given ``text`` into the text field identified by ``locator``.</doc>
<msg timestamp="20231129 16:11:41.836" level="INFO">Typing text 'testikustantaja' into text field 'kustantaja'.</msg>
<status status="PASS" starttime="20231129 16:11:41.835" endtime="20231129 16:11:43.435"/>
</kw>
<status status="PASS" starttime="20231129 16:11:41.834" endtime="20231129 16:11:43.436"/>
</kw>
<kw name="Lisää Kirjan Tiedot">
<kw name="Click Button" library="SeleniumLibrary">
<arg>Lisää</arg>
<doc>Clicks the button identified by ``locator``.</doc>
<msg timestamp="20231129 16:11:43.437" level="INFO">Clicking button 'Lisää'.</msg>
<status status="PASS" starttime="20231129 16:11:43.437" endtime="20231129 16:11:45.021"/>
</kw>
<status status="PASS" starttime="20231129 16:11:43.436" endtime="20231129 16:11:45.021"/>
</kw>
<kw name="Page Should Contain" library="SeleniumLibrary">
<arg>testiviite</arg>
<doc>Verifies that current page contains ``text``.</doc>
<msg timestamp="20231129 16:11:46.049" level="INFO">Current page contains text 'testiviite'.</msg>
<status status="PASS" starttime="20231129 16:11:45.021" endtime="20231129 16:11:46.050"/>
</kw>
<status status="PASS" starttime="20231129 16:11:34.334" endtime="20231129 16:11:46.050"/>
</test>
<kw name="Close Browser" library="SeleniumLibrary" type="TEARDOWN">
<doc>Closes the current browser.</doc>
<status status="PASS" starttime="20231129 16:11:46.051" endtime="20231129 16:11:46.611"/>
</kw>
<status status="PASS" starttime="20231129 16:11:31.806" endtime="20231129 16:11:46.611"/>
</suite>
<status status="PASS" starttime="20231129 16:11:31.777" endtime="20231129 16:11:46.613"/>
</suite>
<statistics>
<total>
<stat pass="2" fail="0" skip="0">All Tests</stat>
</total>
<tag>
</tag>
<suite>
<stat pass="2" fail="0" skip="0" id="s1" name="Robot">Robot</stat>
<stat pass="2" fail="0" skip="0" id="s1-s1" name="Book">Robot.Book</stat>
</suite>
</statistics>
<errors>
</errors>
</robot>
