<?xml version="1.0" encoding="UTF-8"?>
<robot generator="Robot 6.1.1 (Python 3.12.0 on linux)" generated="20231129 16:01:02.276" rpa="false" schemaversion="4">
<suite id="s1" name="Robot" source="/home/rellen/Ohturyhma/src/tests/robot">
<suite id="s1-s1" name="Book" source="/home/rellen/Ohturyhma/src/tests/robot/book.robot">
<kw name="Avaa Ja Konfiguroi Selain" library="resource" type="SETUP">
<kw name="Evaluate" library="BuiltIn">
<var>${options}</var>
<arg>sys.modules['selenium.webdriver'].ChromeOptions()</arg>
<arg>sys</arg>
<doc>Evaluates the given expression in Python and returns the result.</doc>
<msg timestamp="20231129 16:01:02.377" level="INFO">${options} = &lt;selenium.webdriver.chrome.options.Options object at 0x7ff1a2c41af0&gt;</msg>
<status status="PASS" starttime="20231129 16:01:02.377" endtime="20231129 16:01:02.377"/>
</kw>
<kw name="Call Method" library="BuiltIn">
<arg>${options}</arg>
<arg>add_argument</arg>
<arg>--no-sandbox</arg>
<doc>Calls the named method of the given object with the provided arguments.</doc>
<status status="PASS" starttime="20231129 16:01:02.377" endtime="20231129 16:01:02.377"/>
</kw>
<kw name="Open Browser" library="SeleniumLibrary">
<arg>browser=chrome</arg>
<arg>options=${options}</arg>
<doc>Opens a new browser instance to the optional ``url``.</doc>
<msg timestamp="20231129 16:01:02.377" level="INFO">Opening browser 'chrome' to base url 'None'.</msg>
<status status="PASS" starttime="20231129 16:01:02.377" endtime="20231129 16:01:03.168"/>
</kw>
<kw name="Set Selenium Speed" library="SeleniumLibrary">
<arg>${DELAY}</arg>
<doc>Sets the delay that is waited after each Selenium command.</doc>
<status status="PASS" starttime="20231129 16:01:03.168" endtime="20231129 16:01:03.168"/>
</kw>
<status status="PASS" starttime="20231129 16:01:02.376" endtime="20231129 16:01:03.168"/>
</kw>
<test id="s1-s1-t1" name="Sivu On Auki" line="8">
<kw name="Mene Sivustolle" library="resource" type="SETUP">
<kw name="Go To" library="SeleniumLibrary">
<arg>${HOME_URL}</arg>
<doc>Navigates the current browser window to the provided ``url``.</doc>
<msg timestamp="20231129 16:01:03.169" level="INFO">Opening url 'http://localhost:5000'</msg>
<status status="PASS" starttime="20231129 16:01:03.169" endtime="20231129 16:01:03.732"/>
</kw>
<status status="PASS" starttime="20231129 16:01:03.169" endtime="20231129 16:01:03.733"/>
</kw>
<kw name="Sivuston Pitäisi Olla Auki" library="resource">
<kw name="Title Should Be" library="SeleniumLibrary">
<arg>Lähdeviitteet</arg>
<doc>Verifies that the current page title equals ``title``.</doc>
<msg timestamp="20231129 16:01:04.243" level="INFO">Page title is 'Lähdeviitteet'.</msg>
<status status="PASS" starttime="20231129 16:01:03.733" endtime="20231129 16:01:04.244"/>
</kw>
<status status="PASS" starttime="20231129 16:01:03.733" endtime="20231129 16:01:04.244"/>
</kw>
<status status="PASS" starttime="20231129 16:01:03.168" endtime="20231129 16:01:04.244"/>
</test>
<test id="s1-s1-t2" name="Lisaa Kirjaviite" line="10">
<kw name="Mene Sivustolle" library="resource" type="SETUP">
<kw name="Go To" library="SeleniumLibrary">
<arg>${HOME_URL}</arg>
<doc>Navigates the current browser window to the provided ``url``.</doc>
<msg timestamp="20231129 16:01:04.246" level="INFO">Opening url 'http://localhost:5000'</msg>
<status status="PASS" starttime="20231129 16:01:04.246" endtime="20231129 16:01:04.771"/>
</kw>
<status status="PASS" starttime="20231129 16:01:04.246" endtime="20231129 16:01:04.771"/>
</kw>
<kw name="Sivuston Pitäisi Olla Auki" library="resource">
<kw name="Title Should Be" library="SeleniumLibrary">
<arg>Lähdeviitteet</arg>
<doc>Verifies that the current page title equals ``title``.</doc>
<msg timestamp="20231129 16:01:05.279" level="INFO">Page title is 'Lähdeviitteet'.</msg>
<status status="PASS" starttime="20231129 16:01:04.772" endtime="20231129 16:01:05.280"/>
</kw>
<status status="PASS" starttime="20231129 16:01:04.771" endtime="20231129 16:01:05.280"/>
</kw>
<kw name="Aseta Viite">
<arg>testiviite</arg>
<kw name="Input Text" library="SeleniumLibrary">
<arg>viite</arg>
<arg>${viite}</arg>
<doc>Types the given ``text`` into the text field identified by ``locator``.</doc>
<msg timestamp="20231129 16:01:05.282" level="INFO">Typing text 'testiviite' into text field 'viite'.</msg>
<status status="PASS" starttime="20231129 16:01:05.281" endtime="20231129 16:01:06.895"/>
</kw>
<status status="PASS" starttime="20231129 16:01:05.280" endtime="20231129 16:01:06.895"/>
</kw>
<kw name="Aseta Kirjailija">
<arg>testikirjailija</arg>
<kw name="Input Text" library="SeleniumLibrary">
<arg>kirjailija</arg>
<arg>${kirjailija}</arg>
<doc>Types the given ``text`` into the text field identified by ``locator``.</doc>
<msg timestamp="20231129 16:01:06.897" level="INFO">Typing text 'testikirjailija' into text field 'kirjailija'.</msg>
<status status="PASS" starttime="20231129 16:01:06.896" endtime="20231129 16:01:08.489"/>
</kw>
<status status="PASS" starttime="20231129 16:01:06.896" endtime="20231129 16:01:08.489"/>
</kw>
<kw name="Aseta Otsikko">
<arg>testiotsikko</arg>
<kw name="Input Text" library="SeleniumLibrary">
<arg>otsikko</arg>
<arg>${otsikko}</arg>
<doc>Types the given ``text`` into the text field identified by ``locator``.</doc>
<msg timestamp="20231129 16:01:08.491" level="INFO">Typing text 'testiotsikko' into text field 'otsikko'.</msg>
<status status="PASS" starttime="20231129 16:01:08.490" endtime="20231129 16:01:10.063"/>
</kw>
<status status="PASS" starttime="20231129 16:01:08.489" endtime="20231129 16:01:10.063"/>
</kw>
<kw name="Aseta Vuosi">
<arg>2023</arg>
<kw name="Input Text" library="SeleniumLibrary">
<arg>vuosi</arg>
<arg>${vuosi}</arg>
<doc>Types the given ``text`` into the text field identified by ``locator``.</doc>
<msg timestamp="20231129 16:01:10.065" level="INFO">Typing text '2023' into text field 'vuosi'.</msg>
<status status="PASS" starttime="20231129 16:01:10.064" endtime="20231129 16:01:11.661"/>
</kw>
<status status="PASS" starttime="20231129 16:01:10.063" endtime="20231129 16:01:11.661"/>
</kw>
<kw name="Aseta Kustantaja">
<arg>testikustantaja</arg>
<kw name="Input Text" library="SeleniumLibrary">
<arg>kustantaja</arg>
<arg>${kustantaja}</arg>
<doc>Types the given ``text`` into the text field identified by ``locator``.</doc>
<msg timestamp="20231129 16:01:11.663" level="INFO">Typing text 'testikustantaja' into text field 'kustantaja'.</msg>
<status status="PASS" starttime="20231129 16:01:11.662" endtime="20231129 16:01:13.253"/>
</kw>
<status status="PASS" starttime="20231129 16:01:11.661" endtime="20231129 16:01:13.253"/>
</kw>
<kw name="Lisää Kirjan Tiedot">
<kw name="Click Button" library="SeleniumLibrary">
<arg>Lisää</arg>
<doc>Clicks the button identified by ``locator``.</doc>
<msg timestamp="20231129 16:01:13.255" level="INFO">Clicking button 'Lisää'.</msg>
<status status="PASS" starttime="20231129 16:01:13.254" endtime="20231129 16:01:14.839"/>
</kw>
<status status="PASS" starttime="20231129 16:01:13.254" endtime="20231129 16:01:14.839"/>
</kw>
<kw name="Page Should Contain" library="SeleniumLibrary">
<arg>testiviite</arg>
<doc>Verifies that current page contains ``text``.</doc>
<msg timestamp="20231129 16:01:15.863" level="INFO">Current page contains text 'testiviite'.</msg>
<status status="PASS" starttime="20231129 16:01:14.839" endtime="20231129 16:01:15.864"/>
</kw>
<status status="PASS" starttime="20231129 16:01:04.245" endtime="20231129 16:01:15.864"/>
</test>
<kw name="Close Browser" library="SeleniumLibrary" type="TEARDOWN">
<doc>Closes the current browser.</doc>
<status status="PASS" starttime="20231129 16:01:15.866" endtime="20231129 16:01:16.424"/>
</kw>
<status status="PASS" starttime="20231129 16:01:02.287" endtime="20231129 16:01:16.424"/>
</suite>
<status status="PASS" starttime="20231129 16:01:02.276" endtime="20231129 16:01:16.425"/>
</suite>
<statistics>
<total>
<stat pass="2" fail="0" skip="0">All Tests</stat>
</total>
<tag>
</tag>
<suite>
<stat pass="2" fail="0" skip="0" id="s1" name="Robot">Robot</stat>
<stat pass="2" fail="0" skip="0" id="s1-s1" name="Book">Robot.Book</stat>
</suite>
</statistics>
<errors>
</errors>
</robot>
